{
  "RSpec": {
    "coverage": {
      "/Users/ankitsahitya/development/movie_hall/app/controllers/audis_controller.rb": [
        1,
        1,
        1,
        1,
        1,
        2,
        null,
        null,
        null,
        3,
        null,
        2,
        1,
        2,
        null,
        1,
        1,
        2,
        null,
        null,
        null,
        null,
        4,
        null,
        3,
        3,
        3,
        2,
        null,
        2,
        null,
        null,
        1,
        1,
        2,
        null,
        null,
        null,
        null,
        3,
        null,
        2,
        1,
        1,
        2,
        null,
        1,
        1,
        2,
        null,
        null,
        null,
        null,
        1,
        1,
        1,
        2,
        null,
        null,
        null,
        3,
        null,
        2,
        1,
        2,
        null,
        1,
        1,
        2,
        null,
        null,
        null,
        null,
        5,
        null,
        4,
        3,
        3,
        2,
        null,
        2,
        null,
        null,
        2,
        2,
        4,
        null,
        null,
        null,
        null,
        1,
        1,
        6,
        null,
        null
      ],
      "/Users/ankitsahitya/development/movie_hall/app/controllers/application_controller.rb": [
        1,
        null,
        null,
        1,
        null
      ],
      "/Users/ankitsahitya/development/movie_hall/spec/controllers/bookings_controller_spec.rb": [
        1,
        null,
        1,
        1,
        1,
        1,
        1,
        1,
        1,
        1,
        null,
        null,
        null,
        1,
        1,
        1,
        1,
        1,
        1,
        null,
        null,
        1,
        1,
        1,
        null,
        null,
        null,
        1,
        1,
        1,
        1,
        1,
        1,
        1,
        1,
        null,
        null,
        null,
        1,
        1,
        1,
        1,
        1,
        1,
        null,
        null,
        1,
        1,
        1,
        null,
        null,
        null,
        1,
        1,
        1,
        1,
        1,
        1,
        1,
        1,
        null,
        null,
        1,
        1,
        1,
        null,
        null,
        1,
        1,
        1,
        1,
        null,
        null,
        1,
        1,
        1,
        1,
        null,
        null,
        1,
        1,
        1,
        1,
        null,
        null,
        null,
        1,
        1,
        1,
        1,
        1,
        1,
        1,
        1,
        1,
        1,
        null,
        null,
        1,
        1,
        1,
        1,
        null,
        null,
        1,
        1,
        1,
        1,
        1,
        null,
        null,
        1,
        1,
        1,
        1,
        1,
        null,
        null,
        1,
        1,
        1,
        1,
        1,
        null,
        null,
        1,
        1,
        1,
        1,
        null,
        null,
        null,
        1,
        1,
        1,
        1,
        1,
        1,
        null,
        null,
        1,
        1,
        1,
        null,
        null,
        null
      ],
      "/Users/ankitsahitya/development/movie_hall/app/controllers/bookings_controller.rb": [
        1,
        1,
        1,
        1,
        1,
        2,
        null,
        null,
        null,
        3,
        null,
        2,
        1,
        2,
        null,
        1,
        1,
        2,
        null,
        null,
        null,
        null,
        6,
        null,
        5,
        5,
        5,
        2,
        null,
        2,
        null,
        null,
        3,
        3,
        6,
        null,
        null,
        null,
        null,
        3,
        null,
        2,
        1,
        1,
        2,
        null,
        1,
        1,
        2,
        null,
        null,
        null,
        null,
        1,
        1,
        1,
        2,
        null,
        null,
        null,
        3,
        null,
        2,
        1,
        2,
        null,
        1,
        1,
        2,
        null,
        null,
        null,
        null,
        7,
        null,
        6,
        5,
        5,
        2,
        null,
        2,
        null,
        null,
        4,
        4,
        8,
        null,
        null,
        null,
        null,
        1,
        1,
        10,
        null,
        null
      ],
      "/Users/ankitsahitya/development/movie_hall/spec/controllers/movies_controller_spec.rb": [
        1,
        null,
        1,
        1,
        1,
        1,
        1,
        1,
        1,
        1,
        1,
        null,
        null,
        null,
        1,
        1,
        1,
        1,
        1,
        1,
        null,
        null,
        1,
        1,
        1,
        null,
        null,
        null,
        1,
        1,
        1,
        1,
        1,
        1,
        1,
        null,
        null,
        null,
        1,
        1,
        1,
        1,
        1,
        1,
        null,
        null,
        1,
        1,
        1,
        null,
        null,
        null,
        1,
        1,
        1,
        1,
        1,
        1,
        1,
        null,
        null,
        1,
        1,
        1,
        null,
        null,
        null,
        1,
        1,
        1,
        1,
        1,
        1,
        1,
        1,
        1,
        null,
        null,
        1,
        1,
        1,
        1,
        null,
        null,
        1,
        1,
        1,
        1,
        1,
        null,
        null,
        null,
        1,
        1,
        1,
        1,
        1,
        1,
        null,
        null,
        1,
        1,
        1,
        null,
        null,
        null
      ],
      "/Users/ankitsahitya/development/movie_hall/app/controllers/movies_controller.rb": [
        1,
        1,
        1,
        1,
        1,
        2,
        null,
        null,
        null,
        3,
        null,
        2,
        1,
        2,
        null,
        1,
        1,
        2,
        null,
        null,
        null,
        null,
        1,
        2,
        2,
        2,
        2,
        null,
        2,
        null,
        null,
        null,
        null,
        3,
        null,
        2,
        1,
        1,
        2,
        null,
        1,
        1,
        2,
        null,
        null,
        null,
        null,
        1,
        1,
        1,
        2,
        null,
        null,
        null,
        3,
        null,
        2,
        1,
        2,
        null,
        1,
        1,
        2,
        null,
        null,
        null,
        null,
        4,
        null,
        3,
        2,
        2,
        2,
        null,
        2,
        null,
        null,
        1,
        1,
        2,
        null,
        null,
        null,
        null,
        1,
        1,
        4,
        null,
        null
      ],
      "/Users/ankitsahitya/development/movie_hall/spec/controllers/show_times_controller_spec.rb": [
        1,
        null,
        1,
        1,
        1,
        1,
        1,
        1,
        1,
        1,
        1,
        null,
        null,
        null,
        1,
        1,
        1,
        1,
        1,
        1,
        null,
        null,
        1,
        1,
        1,
        null,
        null,
        null,
        1,
        1,
        1,
        1,
        1,
        1,
        1,
        1,
        1,
        null,
        null,
        null,
        1,
        1,
        1,
        1,
        1,
        1,
        null,
        null,
        1,
        1,
        1,
        null,
        null,
        null,
        1,
        1,
        1,
        1,
        1,
        1,
        1,
        1,
        1,
        null,
        null,
        1,
        1,
        1,
        null,
        null,
        1,
        1,
        1,
        1,
        null,
        null,
        1,
        1,
        1,
        1,
        null,
        null,
        null,
        1,
        1,
        1,
        1,
        1,
        1,
        1,
        1,
        1,
        1,
        1,
        null,
        null,
        1,
        1,
        1,
        1,
        null,
        null,
        1,
        1,
        1,
        1,
        1,
        null,
        null,
        1,
        1,
        1,
        1,
        1,
        null,
        null,
        1,
        1,
        1,
        1,
        null,
        null,
        null,
        1,
        1,
        1,
        1,
        1,
        1,
        null,
        null,
        1,
        1,
        1,
        null,
        null,
        null
      ],
      "/Users/ankitsahitya/development/movie_hall/app/controllers/show_times_controller.rb": [
        1,
        1,
        1,
        1,
        1,
        2,
        null,
        null,
        null,
        3,
        null,
        2,
        1,
        2,
        null,
        1,
        1,
        2,
        null,
        null,
        null,
        null,
        5,
        null,
        4,
        4,
        4,
        2,
        null,
        2,
        null,
        null,
        2,
        2,
        4,
        null,
        null,
        null,
        null,
        3,
        null,
        2,
        1,
        1,
        2,
        null,
        1,
        1,
        2,
        null,
        null,
        null,
        null,
        1,
        1,
        1,
        2,
        null,
        null,
        null,
        3,
        null,
        2,
        1,
        2,
        null,
        1,
        1,
        2,
        null,
        null,
        null,
        null,
        6,
        null,
        5,
        4,
        4,
        2,
        null,
        2,
        null,
        null,
        3,
        3,
        6,
        null,
        null,
        null,
        null,
        1,
        1,
        8,
        null,
        null
      ],
      "/Users/ankitsahitya/development/movie_hall/spec/controllers/theaters_controller_spec.rb": [
        1,
        null,
        1,
        1,
        1,
        1,
        1,
        1,
        1,
        1,
        1,
        null,
        null,
        null,
        1,
        1,
        1,
        1,
        1,
        1,
        null,
        null,
        1,
        1,
        1,
        null,
        null,
        null,
        1,
        1,
        1,
        1,
        1,
        1,
        1,
        1,
        null,
        null,
        null,
        1,
        1,
        1,
        1,
        1,
        1,
        null,
        null,
        1,
        1,
        1,
        null,
        null,
        null,
        1,
        1,
        1,
        1,
        1,
        1,
        1,
        1,
        null,
        null,
        1,
        1,
        1,
        null,
        null,
        null,
        1,
        1,
        1,
        1,
        1,
        1,
        1,
        1,
        1,
        1,
        null,
        null,
        1,
        1,
        1,
        1,
        null,
        null,
        1,
        1,
        1,
        1,
        null,
        null,
        null,
        1,
        1,
        1,
        1,
        1,
        1,
        null,
        null,
        1,
        1,
        1,
        null,
        null,
        null
      ],
      "/Users/ankitsahitya/development/movie_hall/app/controllers/theaters_controller.rb": [
        1,
        1,
        1,
        1,
        1,
        2,
        null,
        null,
        null,
        3,
        null,
        2,
        1,
        2,
        null,
        1,
        1,
        2,
        null,
        null,
        null,
        null,
        1,
        2,
        2,
        2,
        2,
        null,
        2,
        null,
        null,
        null,
        null,
        3,
        null,
        2,
        1,
        1,
        2,
        null,
        1,
        1,
        2,
        null,
        null,
        null,
        null,
        1,
        1,
        1,
        2,
        null,
        null,
        null,
        3,
        null,
        2,
        1,
        2,
        null,
        1,
        1,
        2,
        null,
        null,
        null,
        null,
        4,
        null,
        3,
        2,
        2,
        2,
        null,
        2,
        null,
        null,
        1,
        1,
        2,
        null,
        null,
        null,
        null,
        1,
        1,
        4,
        null,
        null
      ],
      "/Users/ankitsahitya/development/movie_hall/spec/controllers/tickets_controller_spec.rb": [
        1,
        null,
        1,
        1,
        1,
        1,
        1,
        1,
        1,
        1,
        1,
        null,
        null,
        null,
        1,
        1,
        1,
        1,
        1,
        1,
        null,
        null,
        1,
        1,
        1,
        null,
        null,
        null,
        1,
        1,
        1,
        1,
        1,
        1,
        1,
        1,
        1,
        1,
        null,
        null,
        null,
        1,
        1,
        1,
        1,
        1,
        1,
        null,
        null,
        1,
        1,
        1,
        null,
        null,
        null,
        1,
        1,
        1,
        1,
        1,
        1,
        1,
        1,
        1,
        1,
        null,
        null,
        1,
        1,
        1,
        null,
        null,
        1,
        1,
        1,
        1,
        null,
        null,
        1,
        1,
        1,
        1,
        null,
        null,
        null,
        1,
        1,
        1,
        1,
        1,
        1,
        1,
        1,
        1,
        1,
        1,
        1,
        null,
        null,
        1,
        1,
        1,
        1,
        null,
        null,
        1,
        1,
        1,
        1,
        null,
        null,
        1,
        1,
        1,
        1,
        1,
        null,
        null,
        1,
        1,
        1,
        1,
        1,
        null,
        null,
        null,
        1,
        1,
        1,
        1,
        1,
        1,
        null,
        null,
        1,
        1,
        1,
        null,
        null,
        null
      ],
      "/Users/ankitsahitya/development/movie_hall/app/controllers/tickets_controller.rb": [
        1,
        1,
        1,
        1,
        1,
        2,
        null,
        null,
        null,
        3,
        null,
        2,
        1,
        2,
        null,
        1,
        1,
        2,
        null,
        null,
        null,
        null,
        5,
        null,
        4,
        4,
        4,
        2,
        null,
        2,
        null,
        null,
        2,
        2,
        4,
        null,
        null,
        null,
        null,
        3,
        null,
        2,
        1,
        1,
        2,
        null,
        1,
        1,
        2,
        null,
        null,
        null,
        null,
        1,
        1,
        1,
        2,
        null,
        null,
        null,
        3,
        null,
        2,
        1,
        2,
        null,
        1,
        1,
        2,
        null,
        null,
        null,
        null,
        6,
        null,
        5,
        4,
        4,
        2,
        null,
        2,
        null,
        null,
        3,
        3,
        6,
        null,
        null,
        null,
        null,
        1,
        1,
        8,
        null,
        null
      ],
      "/Users/ankitsahitya/development/movie_hall/spec/controllers/users_controller_spec.rb": [
        1,
        null,
        1,
        1,
        1,
        1,
        1,
        1,
        1,
        1,
        1,
        null,
        null,
        null,
        1,
        1,
        1,
        1,
        1,
        1,
        null,
        null,
        1,
        1,
        1,
        null,
        null,
        null,
        1,
        1,
        1,
        1,
        1,
        1,
        1,
        1,
        null,
        null,
        null,
        1,
        1,
        1,
        1,
        1,
        1,
        null,
        null,
        1,
        1,
        1,
        null,
        null,
        null,
        1,
        1,
        1,
        1,
        1,
        1,
        1,
        1,
        null,
        null,
        1,
        1,
        1,
        null,
        null,
        null,
        1,
        1,
        1,
        1,
        1,
        1,
        1,
        1,
        1,
        1,
        null,
        null,
        1,
        1,
        1,
        1,
        null,
        null,
        1,
        1,
        1,
        1,
        null,
        null,
        null,
        1,
        1,
        1,
        1,
        1,
        1,
        null,
        null,
        1,
        1,
        1,
        null,
        null,
        null
      ],
      "/Users/ankitsahitya/development/movie_hall/app/controllers/users_controller.rb": [
        1,
        1,
        1,
        1,
        1,
        2,
        null,
        null,
        null,
        3,
        null,
        2,
        1,
        2,
        null,
        1,
        1,
        2,
        null,
        null,
        null,
        null,
        1,
        2,
        2,
        2,
        2,
        null,
        2,
        null,
        null,
        null,
        null,
        3,
        null,
        2,
        1,
        1,
        2,
        null,
        1,
        1,
        2,
        null,
        null,
        null,
        null,
        1,
        1,
        1,
        2,
        null,
        null,
        null,
        3,
        null,
        2,
        1,
        2,
        null,
        1,
        1,
        2,
        null,
        null,
        null,
        null,
        4,
        null,
        3,
        2,
        2,
        2,
        null,
        2,
        null,
        null,
        1,
        1,
        2,
        null,
        null,
        null,
        null,
        1,
        1,
        4,
        null,
        null
      ],
      "/Users/ankitsahitya/development/movie_hall/spec/models/audi_spec.rb": [
        1,
        null,
        1,
        1,
        null,
        1,
        1,
        null,
        null,
        1,
        1,
        null,
        null,
        1,
        1,
        null,
        null,
        1,
        1,
        null,
        null,
        null,
        1,
        null,
        1,
        1,
        1,
        1,
        1,
        1,
        null,
        null,
        1,
        1,
        1,
        1,
        1,
        1,
        1,
        1,
        1,
        null,
        null,
        1,
        1,
        1,
        1,
        1,
        1,
        1,
        1,
        null,
        null,
        1,
        1,
        1,
        1,
        1,
        1,
        1,
        1,
        1,
        1,
        1,
        null,
        null,
        1,
        1,
        1,
        1,
        null,
        null,
        1,
        1,
        1,
        1,
        1,
        1,
        null,
        null,
        null
      ],
      "/Users/ankitsahitya/development/movie_hall/app/models/audi.rb": [
        1,
        1,
        1,
        1,
        1,
        1,
        1,
        null
      ],
      "/Users/ankitsahitya/development/movie_hall/spec/models/booking_spec.rb": [
        1,
        null,
        1,
        1,
        null,
        1,
        1,
        null,
        null,
        1,
        1,
        null,
        null,
        1,
        1,
        null,
        null,
        1,
        1,
        null,
        null,
        1,
        null,
        1,
        1,
        1,
        1,
        1,
        1,
        null,
        null,
        1,
        1,
        1,
        1,
        1,
        1,
        1,
        1,
        1,
        null,
        null,
        1,
        1,
        1,
        1,
        null,
        null,
        1,
        1,
        1,
        1,
        1,
        1,
        null,
        null,
        1,
        1,
        1,
        1,
        null,
        null,
        1,
        1,
        1,
        1,
        1,
        1,
        null,
        null,
        1,
        1,
        1,
        1,
        null,
        null,
        1,
        1,
        1,
        1,
        1,
        1,
        null,
        null,
        null
      ],
      "/Users/ankitsahitya/development/movie_hall/app/models/booking.rb": [
        1,
        1,
        1,
        1,
        1,
        1,
        null
      ],
      "/Users/ankitsahitya/development/movie_hall/spec/models/movie_spec.rb": [
        1,
        null,
        1,
        1,
        null,
        1,
        1,
        null,
        null,
        1,
        1,
        null,
        null,
        1,
        1,
        null,
        null,
        1,
        1,
        null,
        null,
        1,
        null,
        1,
        1,
        1,
        1,
        1,
        1,
        null,
        null,
        1,
        1,
        1,
        1,
        1,
        1,
        1,
        1,
        1,
        null,
        null,
        1,
        1,
        1,
        1,
        1,
        1,
        1,
        1,
        null,
        null,
        1,
        1,
        1,
        1,
        1,
        1,
        1,
        1,
        1,
        1,
        1,
        null,
        null,
        null
      ],
      "/Users/ankitsahitya/development/movie_hall/app/models/movie.rb": [
        1,
        1,
        1,
        1,
        1,
        null
      ],
      "/Users/ankitsahitya/development/movie_hall/spec/models/show_time_spec.rb": [
        1,
        null,
        1,
        1,
        null,
        1,
        1,
        null,
        null,
        1,
        1,
        null,
        null,
        1,
        1,
        null,
        null,
        1,
        1,
        null,
        null,
        1,
        1,
        null,
        null,
        1,
        null,
        1,
        1,
        1,
        1,
        1,
        1,
        null,
        null,
        1,
        1,
        1,
        1,
        1,
        1,
        1,
        1,
        1,
        null,
        null,
        1,
        1,
        1,
        1,
        null,
        null,
        1,
        1,
        1,
        1,
        1,
        1,
        null,
        null,
        1,
        1,
        1,
        1,
        null,
        null,
        1,
        1,
        1,
        1,
        1,
        1,
        null,
        null,
        null,
        null
      ],
      "/Users/ankitsahitya/development/movie_hall/app/models/show_time.rb": [
        1,
        1,
        1,
        1,
        1,
        null
      ],
      "/Users/ankitsahitya/development/movie_hall/spec/models/theater_spec.rb": [
        1,
        null,
        1,
        1,
        null,
        1,
        1,
        null,
        null,
        1,
        1,
        null,
        null,
        1,
        1,
        null,
        null,
        1,
        1,
        null,
        null,
        1,
        1,
        null,
        null,
        1,
        1,
        null,
        null,
        1,
        1,
        null,
        null,
        null,
        null,
        1,
        null,
        1,
        1,
        1,
        1,
        1,
        1,
        null,
        null,
        1,
        1,
        1,
        1,
        1,
        1,
        1,
        1,
        1,
        null,
        null,
        1,
        1,
        1,
        1,
        1,
        1,
        null,
        null,
        1,
        1,
        1,
        1,
        1,
        1,
        1,
        1,
        1,
        null,
        null,
        null
      ],
      "/Users/ankitsahitya/development/movie_hall/app/models/theater.rb": [
        1,
        1,
        1,
        1,
        1,
        null
      ],
      "/Users/ankitsahitya/development/movie_hall/spec/models/ticket_spec.rb": [
        1,
        null,
        1,
        1,
        null,
        1,
        1,
        null,
        null,
        1,
        1,
        null,
        null,
        1,
        1,
        null,
        null,
        1,
        1,
        null,
        null,
        1,
        1,
        null,
        null,
        1,
        1,
        null,
        null,
        1,
        1,
        null,
        null,
        1,
        1,
        null,
        null,
        null,
        1,
        null,
        1,
        1,
        1,
        1,
        null,
        null,
        1,
        1,
        1,
        1,
        1,
        1,
        null,
        null,
        1,
        1,
        1,
        1,
        null,
        null,
        1,
        1,
        1,
        1,
        1,
        1,
        null,
        null,
        null,
        null
      ],
      "/Users/ankitsahitya/development/movie_hall/app/models/ticket.rb": [
        1,
        1,
        1,
        1,
        1,
        1,
        1,
        null
      ],
      "/Users/ankitsahitya/development/movie_hall/spec/models/user_spec.rb": [
        1,
        null,
        1,
        1,
        null,
        1,
        1,
        null,
        null,
        1,
        1,
        null,
        null,
        1,
        1,
        null,
        null,
        1,
        1,
        null,
        null,
        1,
        1,
        null,
        null,
        1,
        1,
        null,
        null,
        1,
        1,
        null,
        null,
        1,
        null,
        1,
        1,
        1,
        1,
        1,
        1,
        null,
        null,
        1,
        1,
        1,
        1,
        1,
        1,
        1,
        1,
        1,
        null,
        null,
        null,
        null,
        null
      ],
      "/Users/ankitsahitya/development/movie_hall/app/models/user.rb": [
        1,
        1,
        1,
        1,
        1,
        null
      ]
    },
    "timestamp": 1539190564
  }
}
